2025-12-16 16:14:00 | DEBUG | repo=discord-bot | action=edit | files=5
2025-12-15 21:27:00 | DEBUG | repo=discord-bot | action=commit
2025-12-15 16:01:00 | DEBUG | repo=discord-bot | action=commit
2025-05-02 17:14:00 | WARN | repo=discord-bot | action=pull
2025-06-09 11:37:00 | DEBUG | repo=discord-bot | action=commit
2025-03-18 10:59:00 | INFO | repo=discord-bot | action=edit | files=4
2025-07-21 17:28:00 | DEBUG | repo=discord-bot | action=commit
2025-03-20 08:22:00 | DEBUG | repo=discord-bot | action=test | passed=true
2025-05-20 16:56:00 | DEBUG | repo=discord-bot | action=pull
2025-11-24 20:36:00 | DEBUG | repo=discord-bot | action=commit
2025-03-19 11:36:00 | INFO | repo=discord-bot | action=commit
2025-01-24 07:54:00 | DEBUG | repo=discord-bot | action=commit
2025-04-16 15:11:00 | WARN | repo=discord-bot | action=edit | files=3
2025-09-16 17:32:00 | INFO | repo=discord-bot | action=commit
2025-08-12 18:45:00 | DEBUG | repo=discord-bot | action=commit
2025-02-18 19:10:00 | INFO | repo=discord-bot | action=commit
2025-09-09 16:41:00 | WARN | repo=discord-bot | action=test | passed=true
2025-02-27 16:12:00 | DEBUG | repo=discord-bot | action=commit
2025-12-09 21:15:00 | DEBUG | repo=discord-bot | action=commit
2025-04-28 17:48:00 | DEBUG | repo=discord-bot | action=commit
2025-01-02 11:55:00 | DEBUG | repo=discord-bot | action=commit
2025-05-06 09:06:00 | WARN | repo=discord-bot | action=commit
2025-10-13 17:00:00 | WARN | repo=discord-bot | action=test | passed=true
2025-12-10 13:30:00 | INFO | repo=discord-bot | action=commit
2025-07-25 10:06:00 | DEBUG | repo=discord-bot | action=commit
2025-05-12 21:05:00 | INFO | repo=discord-bot | action=commit
2025-11-23 15:06:00 | WARN | repo=discord-bot | action=commit
2025-12-16 07:10:00 | WARN | repo=discord-bot | action=commit
2025-12-19 19:28:00 | DEBUG | repo=discord-bot | action=commit
2025-06-11 08:50:00 | DEBUG | repo=discord-bot | action=commit
2025-10-21 07:41:00 | WARN | repo=discord-bot | action=commit
2025-06-03 14:56:00 | DEBUG | repo=discord-bot | action=commit
2025-01-03 08:45:00 | WARN | repo=discord-bot | action=commit
2025-10-18 11:24:00 | WARN | repo=discord-bot | action=commit
2025-08-02 10:52:00 | WARN | repo=discord-bot | action=commit
2025-08-18 15:02:00 | DEBUG | repo=discord-bot | action=commit
2025-10-26 09:20:00 | INFO | repo=discord-bot | action=edit | files=3
2025-01-14 21:13:00 | WARN | repo=discord-bot | action=commit
2025-08-24 20:19:00 | INFO | repo=discord-bot | action=commit
2025-04-16 07:11:00 | INFO | repo=discord-bot | action=pull
2025-12-14 14:06:00 | WARN | repo=discord-bot | action=pull
2025-08-01 16:47:00 | WARN | repo=discord-bot | action=pull
2025-04-11 15:33:00 | DEBUG | repo=discord-bot | action=commit
2025-09-01 07:14:00 | DEBUG | repo=discord-bot | action=commit
2025-06-15 07:07:00 | INFO | repo=discord-bot | action=pull
2025-12-11 10:54:00 | DEBUG | repo=discord-bot | action=edit | files=5
2025-08-23 18:18:00 | DEBUG | repo=discord-bot | action=commit
2025-11-14 14:41:00 | WARN | repo=discord-bot | action=commit
2025-02-02 17:22:00 | DEBUG | repo=discord-bot | action=commit
2025-09-10 08:01:00 | DEBUG | repo=discord-bot | action=commit
2025-08-24 14:03:00 | DEBUG | repo=discord-bot | action=test | passed=true
2025-03-03 20:32:00 | INFO | repo=discord-bot | action=edit | files=3
2025-05-22 09:07:00 | WARN | repo=discord-bot | action=test | passed=true
2025-12-26 17:01:00 | DEBUG | repo=discord-bot | action=edit | files=1
2025-06-23 21:15:00 | WARN | repo=discord-bot | action=pull
2025-12-01 19:18:00 | WARN | repo=discord-bot | action=commit
2025-07-03 18:42:00 | DEBUG | repo=discord-bot | action=edit | files=4
2025-11-25 16:14:00 | DEBUG | repo=discord-bot | action=test | passed=true
2025-09-10 12:24:00 | INFO | repo=discord-bot | action=commit
2025-09-09 09:42:00 | DEBUG | repo=discord-bot | action=edit | files=1
2025-01-05 07:22:00 | WARN | repo=discord-bot | action=commit
2025-10-11 09:45:00 | INFO | repo=discord-bot | action=commit
2025-08-06 20:50:00 | INFO | repo=discord-bot | action=commit
2025-02-07 21:21:00 | WARN | repo=discord-bot | action=pull
2025-07-01 17:14:00 | INFO | repo=discord-bot | action=commit
2025-01-24 10:17:00 | INFO | repo=discord-bot | action=commit
2025-06-20 20:21:00 | DEBUG | repo=discord-bot | action=commit
2025-08-24 14:09:00 | INFO | repo=discord-bot | action=edit | files=1
2025-09-11 18:10:00 | WARN | repo=discord-bot | action=commit
2025-06-26 16:47:00 | DEBUG | repo=discord-bot | action=commit
2025-03-19 10:06:00 | INFO | repo=discord-bot | action=commit
2025-04-27 08:56:00 | DEBUG | repo=discord-bot | action=commit
2025-03-16 21:45:00 | INFO | repo=discord-bot | action=commit
2025-06-09 08:51:00 | DEBUG | repo=discord-bot | action=commit
2025-03-20 09:53:00 | INFO | repo=discord-bot | action=commit
2025-10-04 07:57:00 | INFO | repo=discord-bot | action=commit
2025-01-25 21:46:00 | DEBUG | repo=discord-bot | action=pull
2025-01-18 17:19:00 | DEBUG | repo=discord-bot | action=commit
2025-05-14 16:07:00 | WARN | repo=discord-bot | action=commit
2025-10-17 19:14:00 | WARN | repo=discord-bot | action=commit
2025-06-27 15:23:00 | WARN | repo=discord-bot | action=commit
2025-05-20 16:03:00 | INFO | repo=discord-bot | action=commit
2025-05-07 15:08:00 | WARN | repo=discord-bot | action=commit
2025-07-21 08:36:00 | DEBUG | repo=discord-bot | action=commit
2025-07-28 16:21:00 | WARN | repo=discord-bot | action=commit
2025-11-11 21:23:00 | INFO | repo=discord-bot | action=commit
2025-08-23 11:32:00 | DEBUG | repo=discord-bot | action=commit
2025-12-24 13:36:00 | WARN | repo=discord-bot | action=commit
2025-10-01 18:10:00 | INFO | repo=discord-bot | action=commit
2025-01-09 19:57:00 | DEBUG | repo=discord-bot | action=commit
2025-01-19 07:07:00 | WARN | repo=discord-bot | action=pull
2025-11-12 10:13:00 | INFO | repo=discord-bot | action=test | passed=true
2025-07-27 08:50:00 | WARN | repo=discord-bot | action=commit
2025-07-09 12:31:00 | WARN | repo=discord-bot | action=commit
2025-02-01 11:25:00 | INFO | repo=discord-bot | action=edit | files=3
2025-10-05 20:57:00 | INFO | repo=discord-bot | action=pull
2025-11-11 18:25:00 | DEBUG | repo=discord-bot | action=edit | files=3
2025-11-05 07:03:00 | INFO | repo=discord-bot | action=commit
2025-06-21 18:24:00 | DEBUG | repo=discord-bot | action=commit
2025-06-10 20:21:00 | DEBUG | repo=discord-bot | action=commit
2025-01-04 11:35:00 | WARN | repo=discord-bot | action=commit
2025-09-08 16:42:00 | INFO | repo=discord-bot | action=commit
2025-01-04 14:38:00 | INFO | repo=discord-bot | action=commit
2026-07-07 11:06:00 | DEBUG | repo=discord-bot | action=commit
2026-08-09 08:34:00 | INFO | repo=discord-bot | action=commit
2026-11-20 08:31:00 | INFO | repo=discord-bot | action=commit
2026-06-14 12:06:00 | INFO | repo=discord-bot | action=test | passed=true
2026-06-27 15:18:00 | DEBUG | repo=discord-bot | action=commit
2026-04-01 13:09:00 | INFO | repo=discord-bot | action=commit
2026-07-16 13:36:00 | DEBUG | repo=discord-bot | action=commit
2026-03-09 13:16:00 | WARN | repo=discord-bot | action=test | passed=true
2026-03-08 10:09:00 | WARN | repo=discord-bot | action=commit
2026-07-26 19:44:00 | DEBUG | repo=discord-bot | action=edit | files=4
2026-01-04 07:40:00 | WARN | repo=discord-bot | action=commit
2026-07-13 08:02:00 | INFO | repo=discord-bot | action=commit
2026-11-16 20:50:00 | INFO | repo=discord-bot | action=commit
2026-07-04 09:03:00 | DEBUG | repo=discord-bot | action=test | passed=true
2026-12-10 19:14:00 | WARN | repo=discord-bot | action=commit
2026-12-28 08:47:00 | DEBUG | repo=discord-bot | action=pull
2026-08-24 20:19:00 | DEBUG | repo=discord-bot | action=commit
2026-10-24 07:29:00 | DEBUG | repo=discord-bot | action=commit
2026-06-11 08:41:00 | DEBUG | repo=discord-bot | action=commit
2025-04-21 10:21:00 | WARN | repo=discord-bot | action=commit
2025-12-19 19:32:00 | INFO | repo=discord-bot | action=commit
2025-01-23 08:28:00 | DEBUG | repo=discord-bot | action=commit
2025-11-04 13:02:00 | INFO | repo=discord-bot | action=test | passed=true
2025-07-28 11:49:00 | INFO | repo=discord-bot | action=pull
2025-05-26 14:24:00 | DEBUG | repo=discord-bot | action=commit
2025-01-09 15:29:00 | WARN | repo=discord-bot | action=pull
2025-08-17 15:05:00 | DEBUG | repo=discord-bot | action=commit
2025-11-18 16:32:00 | WARN | repo=discord-bot | action=commit
2025-02-04 20:53:00 | DEBUG | repo=discord-bot | action=commit
2025-09-25 14:17:00 | DEBUG | repo=discord-bot | action=edit | files=5
2025-09-05 11:04:00 | INFO | repo=discord-bot | action=commit
2025-07-07 19:41:00 | INFO | repo=discord-bot | action=commit
2025-02-12 07:01:00 | DEBUG | repo=discord-bot | action=test | passed=true
2025-06-15 14:47:00 | WARN | repo=discord-bot | action=commit
2025-05-19 11:53:00 | INFO | repo=discord-bot | action=commit
2025-03-21 20:49:00 | DEBUG | repo=discord-bot | action=commit
2025-12-17 19:30:00 | DEBUG | repo=discord-bot | action=commit
2025-03-03 16:40:00 | WARN | repo=discord-bot | action=commit
2025-07-25 18:35:00 | DEBUG | repo=discord-bot | action=commit
2025-01-11 08:00:00 | WARN | repo=discord-bot | action=commit
2025-12-03 13:22:00 | INFO | repo=discord-bot | action=commit
2025-11-07 18:32:00 | WARN | repo=discord-bot | action=test | passed=true
2025-01-19 07:18:00 | WARN | repo=discord-bot | action=commit
2025-03-08 21:16:00 | WARN | repo=discord-bot | action=commit
2025-08-04 16:51:00 | INFO | repo=discord-bot | action=commit
2025-09-25 21:04:00 | INFO | repo=discord-bot | action=edit | files=3
2025-01-07 21:21:00 | WARN | repo=discord-bot | action=commit
2025-06-22 18:27:00 | DEBUG | repo=discord-bot | action=commit
2025-04-13 16:06:00 | INFO | repo=discord-bot | action=commit
2025-04-18 07:48:00 | INFO | repo=discord-bot | action=commit
2025-12-25 09:09:00 | DEBUG | repo=discord-bot | action=test | passed=true
2025-10-27 18:19:00 | DEBUG | repo=discord-bot | action=edit | files=2
2025-01-02 16:47:00 | DEBUG | repo=discord-bot | action=commit
2025-08-09 08:45:00 | WARN | repo=discord-bot | action=test | passed=true
2025-01-27 19:09:00 | DEBUG | repo=discord-bot | action=commit
2025-09-08 15:23:00 | DEBUG | repo=discord-bot | action=commit
2025-11-09 15:59:00 | WARN | repo=discord-bot | action=test | passed=true
2025-01-03 21:29:00 | INFO | repo=discord-bot | action=test | passed=true
2025-12-18 16:28:00 | INFO | repo=discord-bot | action=test | passed=true
2025-05-11 19:00:00 | DEBUG | repo=discord-bot | action=test | passed=true
2025-03-21 10:28:00 | WARN | repo=discord-bot | action=edit | files=2
2025-03-03 20:55:00 | WARN | repo=discord-bot | action=commit
2025-08-15 19:00:00 | DEBUG | repo=discord-bot | action=test | passed=true
2025-12-23 09:54:00 | INFO | repo=discord-bot | action=commit
2025-10-01 12:40:00 | INFO | repo=discord-bot | action=pull
2025-01-26 19:16:00 | INFO | repo=discord-bot | action=edit | files=4
2025-07-28 21:09:00 | INFO | repo=discord-bot | action=commit
2025-10-16 13:46:00 | INFO | repo=discord-bot | action=test | passed=true
2025-10-01 14:12:00 | INFO | repo=discord-bot | action=commit
2025-09-03 09:19:00 | INFO | repo=discord-bot | action=test | passed=true
2025-04-24 07:19:00 | INFO | repo=discord-bot | action=test | passed=true
2025-02-14 11:56:00 | WARN | repo=discord-bot | action=pull
2025-07-27 20:35:00 | WARN | repo=discord-bot | action=commit
2025-03-02 07:40:00 | DEBUG | repo=discord-bot | action=commit
2025-10-06 19:04:00 | INFO | repo=discord-bot | action=commit
2025-05-19 18:56:00 | INFO | repo=discord-bot | action=pull
2025-04-21 12:29:00 | INFO | repo=discord-bot | action=commit
2025-09-24 19:25:00 | WARN | repo=discord-bot | action=commit
2025-07-22 13:26:00 | WARN | repo=discord-bot | action=pull
2025-09-10 14:39:00 | INFO | repo=discord-bot | action=commit
2025-02-23 13:00:00 | INFO | repo=discord-bot | action=commit
